<?xml version="1.0" encoding="UTF-8"?>
<testng-results ignored="0" total="1" passed="1" failed="0" skipped="0">
  <reporter-output>
  </reporter-output>
  <suite started-at="2024-01-22T00:12:54 IST" name="Default suite" finished-at="2024-01-22T00:13:03 IST" duration-ms="9583">
    <groups>
      <group name="RegressionSuite">
        <method signature="CreateLeadTest.createLeadTest()[pri:0, instance:vtigerLeadTests.CreateLeadTest@459e9125]" name="createLeadTest" class="vtigerLeadTests.CreateLeadTest"/>
      </group> <!-- RegressionSuite -->
    </groups>
    <test started-at="2024-01-22T00:12:54 IST" name="Default test" finished-at="2024-01-22T00:13:03 IST" duration-ms="9583">
      <class name="vtigerLeadTests.CreateLeadTest">
        <test-method is-config="true" signature="bsConfig()[pri:0, instance:vtigerLeadTests.CreateLeadTest@459e9125]" started-at="2024-01-22T00:12:54 IST" name="bsConfig" finished-at="2024-01-22T00:12:54 IST" duration-ms="6" status="PASS">
          <reporter-output>
          </reporter-output>
        </test-method> <!-- bsConfig -->
        <test-method is-config="true" signature="bcConfig(java.lang.String,org.testng.ITestContext)[pri:0, instance:vtigerLeadTests.CreateLeadTest@459e9125]" started-at="2024-01-22T00:12:54 IST" name="bcConfig" finished-at="2024-01-22T00:12:56 IST" duration-ms="2143" status="PASS">
          <params>
            <param index="0">
              <value is-null="true"/>
            </param>
            <param index="1">
              <value>
                <![CDATA[org.testng.TestRunner@59e0d521]]>
              </value>
            </param>
          </params>
          <reporter-output>
          </reporter-output>
        </test-method> <!-- bcConfig -->
        <test-method is-config="true" signature="bmConfig()[pri:0, instance:vtigerLeadTests.CreateLeadTest@459e9125]" started-at="2024-01-22T00:12:56 IST" name="bmConfig" finished-at="2024-01-22T00:12:57 IST" duration-ms="1718" status="PASS">
          <reporter-output>
          </reporter-output>
        </test-method> <!-- bmConfig -->
        <test-method signature="createLeadTest()[pri:0, instance:vtigerLeadTests.CreateLeadTest@459e9125]" started-at="2024-01-22T00:12:57 IST" name="createLeadTest" finished-at="2024-01-22T00:13:02 IST" duration-ms="4675" status="PASS">
          <reporter-output>
          </reporter-output>
        </test-method> <!-- createLeadTest -->
        <test-method is-config="true" signature="amConfig()[pri:0, instance:vtigerLeadTests.CreateLeadTest@459e9125]" started-at="2024-01-22T00:13:02 IST" name="amConfig" finished-at="2024-01-22T00:13:03 IST" duration-ms="856" status="PASS">
          <reporter-output>
          </reporter-output>
        </test-method> <!-- amConfig -->
        <test-method is-config="true" signature="acConfig()[pri:0, instance:vtigerLeadTests.CreateLeadTest@459e9125]" started-at="2024-01-22T00:13:03 IST" name="acConfig" finished-at="2024-01-22T00:13:03 IST" duration-ms="162" status="PASS">
          <reporter-output>
          </reporter-output>
        </test-method> <!-- acConfig -->
        <test-method is-config="true" signature="asConfig()[pri:0, instance:vtigerLeadTests.CreateLeadTest@459e9125]" started-at="2024-01-22T00:13:03 IST" name="asConfig" finished-at="2024-01-22T00:13:03 IST" duration-ms="0" status="PASS">
          <reporter-output>
          </reporter-output>
        </test-method> <!-- asConfig -->
      </class> <!-- vtigerLeadTests.CreateLeadTest -->
    </test> <!-- Default test -->
  </suite> <!-- Default suite -->
</testng-results>
